<?xml version="1.0" encoding="UTF-8"?>
<!-- Generated by org.testng.reporters.JUnitReportReporter -->
<testsuite hostname="Nevzat" failures="0" tests="1" name="tests.US_31" time="8.616" errors="0" timestamp="2022-12-25T15:47:56 CET" skipped="0">
  <testcase classname="tests.US_31" name="outComesAddTest" time="8.616"/>
  <system-out/>
</testsuite> <!-- tests.US_31 -->
