<?xml version="1.0" encoding="UTF-8"?>
<!-- Generated by org.testng.reporters.JUnitReportReporter -->
<testsuite hostname="Nevzat" failures="0" tests="1" name="tests.US_30" time="14.109" errors="0" timestamp="2022-12-25T15:47:56 CET" skipped="0">
  <testcase classname="tests.US_30" name="requirementsAddTest" time="14.109"/>
  <system-out/>
</testsuite> <!-- tests.US_30 -->
